-7.592941658533384208e-01
-5.763298106146145239e-01
-4.387845128381031024e-01
-3.329842680442063885e-01
-2.531301421545851249e-01
-1.928006563282755048e-01
-1.464647928006104216e-01
-1.113695595122685955e-01
-8.450405610968336756e-02
-6.430339884816556328e-02
-4.887056159839930219e-02
-3.710805670451450961e-02
-2.824131471625655754e-02
-2.144532236759475602e-02
-1.629614826796897675e-02
-1.239068395524552287e-02
-9.421515222742355908e-03
-7.153670135473115359e-03
-5.440139675764084533e-03
-4.135442911300308243e-03
-3.142575542111269386e-03
-2.388296449229966416e-03
-1.814627132402535847e-03
-1.378341111255513641e-03
-1.048018313524988476e-03
-7.960514135580924874e-04
-6.052281139360554413e-04
-4.597577058597989244e-04
-3.493150143552290268e-04
-2.654729073230655792e-04
-2.017464901700375237e-04
-1.533029230414565997e-04
-1.164822885891729314e-04
-8.850363240776667356e-05
-6.725293176231521156e-05
-5.111273196433263887e-05
-3.883885878106342962e-05
-2.950534156950437311e-05
-2.242357765136136400e-05
-1.703837219484237504e-05
-1.294587099682971815e-05
-9.838368424818432376e-06
-7.475161025651294209e-06
-5.680840234589258733e-06
-4.316904616913532583e-06
-3.280377532220844562e-06
-2.493310124956103478e-06
-1.894703057824280812e-06
-1.440087751412892901e-06
-1.094687519805970289e-06
-8.320721531189209247e-07
-6.325276917974128591e-07
-4.809374872282104293e-07
-3.657094102007592370e-07
-2.781028131572748232e-07
-2.115194756459666011e-07
-1.609171379158397678e-07
-1.224476067688471599e-07
-9.319450352237209288e-08
-7.094804164358424685e-08
-5.402888106042934750e-08
-4.115963689104429851e-08
-3.136908527566504476e-08
-2.391895285087028963e-08
-1.824809733725572701e-08
-1.393011899980130084e-08
-1.064107113052792136e-08
-8.134813275869867438e-09
-6.224250175425361026e-09
-4.767107951297522395e-09
-3.655167204425690736e-09
-2.806103193301963559e-09
-2.157288148073194776e-09
-1.661076248810901048e-09
-1.281214764787571533e-09
-9.901132711642774893e-10
-7.667670874641661556e-10
-5.951790442368281657e-10
-4.631603129134105780e-10
-3.614192611487335728e-10
-2.828690330816273514e-10
-2.221012080241236241e-10
-1.749855847347462470e-10
-1.383657791344232949e-10
-1.098276323221365975e-10
-8.752296487455759255e-11
-7.003541282223528650e-11
-5.627826655347669938e-11
-4.541665245221860963e-11
-3.680823411582744682e-11
-2.995800585191789249e-11
-2.448381203473605638e-11
-2.009003227880442525e-11
-1.654748537708288961e-11
-1.367807094229961032e-11
-1.134302195265548179e-11
-9.433910740569621369e-12
-7.865755750562773793e-12
-6.571732118057567150e-12
-5.499107552537531404e-12
-4.606115100747460844e-12
-3.859542905253384881e-12
-3.232873238470940390e-12
-2.704842801978516277e-12
-2.258326521433434028e-12
-1.879470105903409434e-12
-1.557014200192333273e-12
-1.281766350278768362e-12
-1.046187218671138969e-12
-8.440652908472062032e-13
-6.702602738922011624e-13
-5.204999490144963164e-13
-3.912187298123409080e-13
-2.794288528836796955e-13
-1.826171794055300084e-13
-9.866216265389823479e-14
-2.576674889455393964e-14
3.759608545203750933e-14
9.272773962839900796e-14
1.407403542119006493e-13
1.825867255498080661e-13
2.190850205853474048e-13
2.509392829319337723e-13
2.787565172812454275e-13
3.030609797683093795e-13
3.243061767595809030e-13
3.428849759871012652e-13
3.591381561050453505e-13
3.733616590306104758e-13
3.858127603258317715e-13
3.967153336534090457e-13
4.062643538871693017e-13
4.146297581292786028e-13
4.219597634090042096e-13
4.283837241928202227e-13
4.340145930518941585e-13
4.389510531697683383e-13
4.432793590101128191e-13
4.470749324459889655e-13
4.504037474862999239e-13
4.533235329445314359e-13
4.558848180406249994e-13
4.581318422728730676e-13
4.601033478087424597e-13
4.618332704217618365e-13
4.633513416611473229e-13
4.646836144392852232e-13
4.658529221847137582e-13
4.668792797491340070e-13
4.677802391127788272e-13
4.685711914490290790e-13
4.692656435345425617e-13
4.698754583547595697e-13
4.704111276111585305e-13
4.708819165479829142e-13
4.712960045289200123e-13
4.716602846884512621e-13
4.719812466699774359e-13
4.722716992728855607e-13
4.723637684130768493e-13
4.723371395669591048e-13
4.722537001752677249e-13
4.721413538690179813e-13
4.720232481919437301e-13
4.719162192197216707e-13
4.718303085305136187e-13
4.717699420168427392e-13
4.717355963866167437e-13
4.717253112434717252e-13
4.717358452915339624e-13
4.717634727030466542e-13
4.718044846796144433e-13
4.718554740666519714e-13
4.719134719709471354e-13
4.719759900263814290e-13
4.720410068794393625e-13
4.721069250481867409e-13
4.721725149571074281e-13
4.722368562658544815e-13
4.722992822209648443e-13
4.723593298461695240e-13
4.724166970291892450e-13
4.724712065698340436e-13
4.725227766204081231e-13
4.725713968333634654e-13
4.726171093515626845e-13
4.726599938443449611e-13
4.727001558609746805e-13
4.727377178657252034e-13
4.727728124177434129e-13
4.728055770483519876e-13
4.728361504716813989e-13
4.728646698336135047e-13
4.728912687629597783e-13
4.729160759733394731e-13
4.729392146065829986e-13
4.729608014897970082e-13
4.729809469660082562e-13
4.729997548333766268e-13
4.730173224222088607e-13
4.730337407685030058e-13
4.730490948530883322e-13
4.730634638828023185e-13
4.730769215955672212e-13
4.730895365770783733e-13
4.731013725790558667e-13
4.731124888327841724e-13
4.731229403529320859e-13
4.731327782288065349e-13
4.731420499008769776e-13
4.731507994217975365e-13
4.731590677011985394e-13
4.731668927346417722e-13
4.731743098165779864e-13
4.731813517385247128e-13
4.731880490163080827e-13
4.731944299263703220e-13
4.732005207992975985e-13
4.732063461198560667e-13
4.732119286613908444e-13
4.732172896099177464e-13
4.732224486789292284e-13
4.732274242156134855e-13
4.732322332990630657e-13
4.732368918311449822e-13
4.732414146207580253e-13
4.732458154617213282e-13
4.732501072052569780e-13
4.732543018270044679e-13
4.732584104893664076e-13
4.732624435994989122e-13
4.732664108631997132e-13
4.732703213350016588e-13
4.732741834650236306e-13
4.732780051424926428e-13
4.732817937363987801e-13
4.732855561335010773e-13
4.732892987738221704e-13
4.732930276837273422e-13
4.732967485070286137e-13
4.733004665340358280e-13
4.733041867287276957e-13
4.733079137542486882e-13
4.733116519968213425e-13
4.733154055882001967e-13
4.733191784266280750e-13
4.733229741966958947e-13
4.733267963877953977e-13
4.733306483116461503e-13
4.733345331186896127e-13
4.733384538133750167e-13
4.733424132689529941e-13
4.733464142408903015e-13
4.733504593798914527e-13
4.733545512440996329e-13
4.733586923104497319e-13
4.733628849856480769e-13
4.733671316163966750e-13
4.733714344990873422e-13
4.733757958890907238e-13
4.733802180094740019e-13
4.733847030593421725e-13
4.733892532218781154e-13
4.733938706719034411e-13
4.733985575831417668e-13
4.734033161352816592e-13
4.734081485206915199e-13
4.734130569510039102e-13
4.734180436634404742e-13
4.734231109269437988e-13
4.734282610482786782e-13
4.734334963779124472e-13
4.734388193159385320e-13
4.734442323177995658e-13
4.734497379000998680e-13
4.734553386463218961e-13
4.734610372127493923e-13
4.734668363341169904e-13
4.734727388297195585e-13
4.734787476093330235e-13
4.734848656794827474e-13
4.734910961496707078e-13
4.734974422389637603e-13
4.735039072827114527e-13
4.735104947396615749e-13
4.735172081990762147e-13
4.735240513885323173e-13
4.735310281817646541e-13
4.735381426071319030e-13
4.735453988563915081e-13
4.735528012940135394e-13
4.735603544670341589e-13
4.735680631153727600e-13
4.735759321830023387e-13
4.735839668295611225e-13
4.735921724428554981e-13
4.736005546490734504e-13
4.736091193370067573e-13
4.736178726619007323e-13
4.736268210662064406e-13
4.736359712968595051e-13
4.736453304235907668e-13
4.736549058590612463e-13
4.736647053802188930e-13
4.736747371512267956e-13
4.736850097483619049e-13
4.736955321867593611e-13
4.737063139490597831e-13
4.737173650167144995e-13
4.737286959035130211e-13
4.737403176920341195e-13
4.737522420730628214e-13
4.737644813883944803e-13
4.737770486772364591e-13
4.737899577267870133e-13
4.738032231270595336e-13
4.738168603308704067e-13
4.738308857191119671e-13
4.738453166721386279e-13
4.738601716477432951e-13
4.738754702668372034e-13
4.738912334070353262e-13
4.739074833057656698e-13
4.739242436735223361e-13
4.739415398187379882e-13
4.739593987853745205e-13
4.739778495052317280e-13
4.739969229662689687e-13
4.740166523994262071e-13
4.740370734860635844e-13
4.740582245886636263e-13
4.740801470082379954e-13
4.741028852715905962e-13
4.741264874528904002e-13
4.741510055342807930e-13
4.741764958110928596e-13
4.742030193480644720e-13
4.742306424945486022e-13
4.742594374672920538e-13
4.742894830112900662e-13
4.743208651515458667e-13
4.743536780445704139e-13
4.743880249630582189e-13
4.744240194179540088e-13
4.744617864462097667e-13
4.745014640978038450e-13
4.745432051555438701e-13
4.745871791246292789e-13
4.746335745626147326e-13
4.746826017865339628e-13
4.747344960897884118e-13
4.747895214545225125e-13
4.748479749938616610e-13
4.749101922132164139e-13
4.749765532847394523e-13
4.750474905643024376e-13
4.751234976414072714e-13
4.752051402907250998e-13
4.752930697909340406e-13
4.753880392518558855e-13
4.754909236715083092e-13
4.756027448196539695e-13
4.757247022644284379e-13
4.758582123796861477e-13
4.760049577120476142e-13
4.761669500002663052e-13
4.763466113158905979e-13
4.765468794917907939e-13
4.767713464423121079e-13
4.770244415302773471e-13
4.773116773155835477e-13
4.776399827355357640e-13
4.780181603458286892e-13
4.784575218622066160e-13
4.789727833096105759e-13
4.795833432198898881e-13
4.803151335523629591e-13
4.812033382542346496e-13
4.822964431021250646e-13
4.836623530757280521e-13
4.853977565425787394e-13
4.876426379023771602e-13
4.906030180883749377e-13
4.945869135822509741e-13
5.000615721224333193e-13
5.077448679642225426e-13
5.187510723405607138e-13
5.348217345963760579e-13
5.586860203857603033e-13
5.946089719240805678e-13
6.491922313070142306e-13
7.324695088715446057e-13
8.592497514041060269e-13
1.050446826924360184e-12
1.333742300811468871e-12
1.742383968330601620e-12
2.310471284627713758e-12
3.063302584120393626e-12
4.003037828432290463e-12
5.093335092112738936e-12
6.250409488623977225e-12
7.348915606511032675e-12
8.246166657365288346e-12
8.818471364016699534e-12
8.995019137676954131e-12
8.774633120478457025e-12
8.219586802929103789e-12
7.432076715292972202e-12
6.525273246571784667e-12
5.599700879077210155e-12
4.730097093329975565e-12
3.962361692515708453e-12
3.317232357897225924e-12
2.796927203208041360e-12
2.392010954595509093e-12
2.087047010367919323e-12
1.864600915693119995e-12
1.707727498534321384e-12
1.601296410643054247e-12
1.532531976799756659e-12
1.491076294068017649e-12
1.468796551970587960e-12
1.459479567866086339e-12
1.458498143980896112e-12
1.462494476847416133e-12
1.469101346404450696e-12
1.476707661432905242e-12
1.484267438447828450e-12
1.491147791881319531e-12
1.497010270327881202e-12
1.501719810406454620e-12
1.505276068531579866e-12
1.507762586160879920e-12
1.509309968860082008e-12
1.510069932218782995e-12
1.510197657622006099e-12
1.509840402844786597e-12
1.509130732268445602e-12
1.508183079039539449e-12
1.507092637068808378e-12
1.505935813870706482e-12
1.504771664118816298e-12
1.503643875458020829e-12
1.502582998556971668e-12
1.501608707774998700e-12
1.500731951539348509e-12
1.499956906527946250e-12
1.499282690294967545e-12
1.498704815963789348e-12
1.498216392578547655e-12
1.497809087555358633e-12
1.497473875310996176e-12
1.497201599869823700e-12
1.496983380186468766e-12
1.496810886018282706e-12
1.496676510069675956e-12
1.496573459336247751e-12
1.496495785503852357e-12
1.496438371115999792e-12
1.496396885252323675e-12
1.496367719669634515e-12
1.496347914234981232e-12
1.496335077617807169e-12
1.496327308512267694e-12
1.496323120400190600e-12
1.496321372048714910e-12
1.496321204979895390e-12
1.496321988465793107e-12
1.496323272101463715e-12
1.496324745663266073e-12
1.496326205724528647e-12
1.496327528370270798e-12
1.496328647285264896e-12
1.496329536475042121e-12
1.496330196914549128e-12
1.496330646450374240e-12
1.496330912365068251e-12
1.496331026068789581e-12
1.496331019461604467e-12
1.496330922583449068e-12
1.496330762223631993e-12
1.496330561236355465e-12
1.496330338348442890e-12
1.496330108297405511e-12
1.496329882175738979e-12
1.496329667888111484e-12
1.496329470654678723e-12
1.496329293512670596e-12
1.496329137788459906e-12
1.496329003521541699e-12
1.496328889827624761e-12
1.496328795205197557e-12
1.496328717780451642e-12
1.496328655500270007e-12
1.496328606276021605e-12
1.496328568087787523e-12
1.496328539054036809e-12
1.496328517474425800e-12
1.496328501850500661e-12
1.496328490892440037e-12
1.496328483513078388e-12
1.496328478813736888e-12
1.496328476066898680e-12
1.496328474696045128e-12
1.496328474253624063e-12
1.496328474400196186e-12
1.496328474886183779e-12
1.496328475534036845e-12
1.496328476222170942e-12
1.496328476873282041e-12
1.496328477441369935e-12
1.496328477905004063e-12
1.496328478258178074e-12
1.496328478505891203e-12
1.496328478659865139e-12
1.496328478734499408e-12
1.496328478745406236e-12
1.496328478708360218e-12
1.496328478636877353e-12
1.496328478543162394e-12
1.496328478437404647e-12
1.496328478327120024e-12
1.496328478218416254e-12
1.496328478115187102e-12
1.496328478020993121e-12
1.496328477936816791e-12
1.496328477863263148e-12
1.496328477800620776e-12
1.496328477748009181e-12
1.496328477704701550e-12
1.496328477669607363e-12
1.496328477641875406e-12
1.496328477619800023e-12
1.496328477603073042e-12
1.496328477590084125e-12
1.496328477580303562e-12
1.496328477572838944e-12
1.496328477567246589e-12
1.496328477562794435e-12
1.496328477559271849e-12
1.496328477556071573e-12
1.496328477553429482e-12
1.496328477550833032e-12
1.496328477548346037e-12
1.496328477545832991e-12
1.496328477543020658e-12
1.496328477540244272e-12
1.496328477537235645e-12
1.496328477534151085e-12
1.496328477530941317e-12
1.496328477527593417e-12
1.496328477524127982e-12
1.496328477520775235e-12
1.496328477517262949e-12
1.496328477513522259e-12
1.496328477509796109e-12
1.496328477506250905e-12
1.496328477502509003e-12
1.496328477498783863e-12
1.496328477494962797e-12
1.496328477491171216e-12
1.496328477487273410e-12
1.496328477483521815e-12
1.496328477479759921e-12
1.496328477475843333e-12
1.496328477471929372e-12
1.496328477468091342e-12
1.496328477464062068e-12
1.496328477460093176e-12
1.496328477456036235e-12
1.496328477452100867e-12
1.496328477447886406e-12
1.496328477443834917e-12
1.496328477439477477e-12
1.496328477435353085e-12
1.496328477431113784e-12
1.496328477426984545e-12
1.496328477529813031e-12
1.496328477507238028e-12
1.496328477596160146e-12
1.496328477560181627e-12
1.496328477639797357e-12
1.496328477705606683e-12
1.496328477759683212e-12
1.496328477804432754e-12
1.496328477841242897e-12
1.496328477871399042e-12
1.496328477896099552e-12
1.496328477916226537e-12
1.496328477932877989e-12
1.496328477946328964e-12
1.496328477957210347e-12
1.496328477966199272e-12
1.496328477973502332e-12
1.496328477979307944e-12
1.496328477984254872e-12
1.496328477988036356e-12
1.496328477991225727e-12
1.496328477993766439e-12
1.496328477995679496e-12
1.496328477997316288e-12
1.496328477998506774e-12
1.496328477999654245e-12
1.496328478000372171e-12
1.496328478000917634e-12
1.496328478001368585e-12
1.496328478001510352e-12
1.496328478001988566e-12
1.496328478002132555e-12
1.496328478002287046e-12
1.496328478002343187e-12
1.496328478002169310e-12
1.496328478002152750e-12
1.496328478001996846e-12
1.496328478001929395e-12
1.496328478001765413e-12
1.496328478001706444e-12
1.496328478001428765e-12
1.496328478001187841e-12
1.496328478001197534e-12
1.496328478000706194e-12
1.496328478000585025e-12
1.496328478000369950e-12
1.496328478000278467e-12
1.496328478000089847e-12
1.496328477999849731e-12
1.496328477999594064e-12
1.496328477999266908e-12
1.496328477998903199e-12
1.496328477998687922e-12
1.496328477998391259e-12
1.496328477998242020e-12
1.496328477997934856e-12
1.496328477997766633e-12
1.496328477997514601e-12
1.496328477997213294e-12
1.496328477996961667e-12
1.496328477996709433e-12
1.496328477996448314e-12
1.496328477996079354e-12
1.496328477995841661e-12
1.496328477995489059e-12
1.496328477995274388e-12
1.496328477994983380e-12
1.496328477994659253e-12
1.496328477994323413e-12
1.496328477994077642e-12
1.496328477993679400e-12
1.496328477993473614e-12
1.496328477993258741e-12
1.496328477992865951e-12
1.496328477992562221e-12
1.496328477992269598e-12
1.496328477991872567e-12
1.496328477991554701e-12
1.496328477991269549e-12
1.496328477990873529e-12
1.496328477990550411e-12
1.496328477990176807e-12
1.496328477989954461e-12
1.496328477989560662e-12
1.496328477989195741e-12
1.496328477988760341e-12
1.496328477988546477e-12
1.496328477988060993e-12
1.496328477987880451e-12
1.496328477987378408e-12
1.496328477987006217e-12
1.496328477986614235e-12
1.496328477986173584e-12
1.496328477985815933e-12
1.496328477985319342e-12
1.496328477984934630e-12
1.496328477984574758e-12
1.496328477984163995e-12
1.496328477983808768e-12
1.496328477983388917e-12
1.496328477983080542e-12
1.496328477982537301e-12
1.496328477982146329e-12
1.496328477981688108e-12
1.496328477981278759e-12
1.496328477980872842e-12
1.496328477980408563e-12
1.496328477980112103e-12
1.496328477979553110e-12
1.496328477978978970e-12
1.496328477978547608e-12
1.496328477978019715e-12
1.496328477977591585e-12
1.496328477976995029e-12
1.496328477976558619e-12
1.496328477976052334e-12
1.496328477975584016e-12
1.496328477975049256e-12
1.496328477974552060e-12
1.496328477974096060e-12
1.496328477973543933e-12
1.496328477973037043e-12
1.496328477972403329e-12
1.496328477972004884e-12
1.496328477971466692e-12
1.496328477970925672e-12
1.496328477970336993e-12
1.496328477969804657e-12
1.496328477969116417e-12
1.496328477968426157e-12
1.496328477967854441e-12
1.496328477967405106e-12
1.496328477966738676e-12
1.496328477966228151e-12
1.496328477965544757e-12
1.496328477964905591e-12
1.496328477964318931e-12
1.496328477963628267e-12
1.496328477963048877e-12
1.496328477962317622e-12
1.496328477961714604e-12
1.496328477960787661e-12
1.496328477960188480e-12
1.496328477959440665e-12
1.496328477958696082e-12
1.496328477958015516e-12
1.496328477957242457e-12
1.496328477956547755e-12
1.496328477955830838e-12
1.496328477955057577e-12
1.496328477954202932e-12
1.496328477953426440e-12
1.496328477952721236e-12
1.496328477951883958e-12
1.496328477951199959e-12
1.496328477950279277e-12
1.496328477949250551e-12
1.496328477948473454e-12
1.496328477947685653e-12
1.496328477946782136e-12
1.496328477945908104e-12
1.496328477944862415e-12
1.496328477944033821e-12
1.496328477943116571e-12
1.496328477942156104e-12
1.496328477941343868e-12
1.496328477940209120e-12
1.496328477939188877e-12
1.496328477938197108e-12
1.496328477937266934e-12
1.496328477936342212e-12
1.496328477935204839e-12
1.496328477934104826e-12
1.496328477932885058e-12
1.496328477931812510e-12
1.496328477930699168e-12
1.496328477929670645e-12
1.496328477928478342e-12
1.496328477927306435e-12
1.496328477925982058e-12
1.496328477924972114e-12
1.496328477923703272e-12
1.496328477922314675e-12
1.496328477921185380e-12
1.496328477919780021e-12
1.496328477918511179e-12
1.496328477917128640e-12
1.496328477915846066e-12
1.496328477914455651e-12
1.496328477913037570e-12
1.496328477921749421e-12
1.496328477928934745e-12
1.496328477935152332e-12
1.496328477940304440e-12
1.496328477944753161e-12
1.496328477948573822e-12
1.496328477951766828e-12
1.496328477954692253e-12
1.496328477957087159e-12
1.496328477959287588e-12
1.496328477960930035e-12
1.496328477962443234e-12
1.496328477963968954e-12
1.496328477965280205e-12
1.496328477966480182e-12
1.496328477967478009e-12
1.496328477968445342e-12
1.496328477969307056e-12
1.496328477970081730e-12
1.496328477970776836e-12
1.496328477971366324e-12
1.496328477972004077e-12
1.496328477972590535e-12
1.496328477973180224e-12
1.496328477973660054e-12
1.496328477974058498e-12
1.496328477974741487e-12
1.496328477975089040e-12
1.496328477975635311e-12
1.496328477975939243e-12
1.496328477976431997e-12
1.496328477976872043e-12
1.496328477977094186e-12
1.496328477977497477e-12
1.496328477977797572e-12
1.496328477978047988e-12
1.496328477978296183e-12
1.496328477978538521e-12
1.496328477978651410e-12
1.496328477978846896e-12
1.496328477979143558e-12
1.496328477979242109e-12
1.496328477979380444e-12
1.496328477979599154e-12
1.496328477979768185e-12
1.496328477979748596e-12
1.496328477979821297e-12
1.496328477979778686e-12
1.496328477979818268e-12
1.496328477980018601e-12
1.496328477979952563e-12
1.496328477979859869e-12
1.496328477979904500e-12
1.496328477979920454e-12
1.496328477979771618e-12
1.496328477979739508e-12
1.496328477979462031e-12
1.496328477979305117e-12
1.496328477979196469e-12
1.496328477978845886e-12
1.496328477978666152e-12
1.496328477978334957e-12
1.496328477978222674e-12
1.496328477977811305e-12
1.496328477977529587e-12
1.496328477977072779e-12
1.496328477976664844e-12
1.496328477976359902e-12
1.496328477975916019e-12
1.496328477975302500e-12
1.496328477974672219e-12
1.496328477974218037e-12
1.496328477973691154e-12
1.496328477972955859e-12
1.496328477972234500e-12
1.496328477971632492e-12
1.496328477970808946e-12
1.496328477970141709e-12
1.496328477969298978e-12
1.496328477968598621e-12
1.496328477967704595e-12
1.496328477966845911e-12
1.496328477965847276e-12
1.496328477964835313e-12
1.496328477967212043e-12
1.496328477969170539e-12
1.496328477971056939e-12
1.496328477972578418e-12
1.496328477973821612e-12
1.496328477975056931e-12
1.496328477975952572e-12
1.496328477976764202e-12
1.496328477977329658e-12
1.496328477978030015e-12
1.496328477978634446e-12
1.496328477978814988e-12
1.496328477979382665e-12
1.496328477979584815e-12
1.496328477979884305e-12
1.496328477980172687e-12
1.496328477980301530e-12
1.496328477980428960e-12
1.496328477980601020e-12
1.496328477980775907e-12
1.496328477980572343e-12
1.496328477980734104e-12
1.496328477980775907e-12
1.496328477980773686e-12
1.496328477980820134e-12
1.496328477980673317e-12
1.496328477980666047e-12
1.496328477980514990e-12
1.496328477980255486e-12
1.496328477980205403e-12
1.496328477979999415e-12
1.496328477979644794e-12
1.496328477979404072e-12
1.496328477979050460e-12
1.496328477978800448e-12
1.496328477978556494e-12
1.496328477978088580e-12
1.496328477977664892e-12
1.496328477977433055e-12
1.496328477976963121e-12
1.496328477976466934e-12
1.496328477975881688e-12
1.496328477975277458e-12
1.496328477974814996e-12
1.496328477973856549e-12
1.496328477973219604e-12
1.496328477972494003e-12
1.496328477971675709e-12
1.496328477970861655e-12
1.496328477969933096e-12
1.496328477969020895e-12
1.496328477968074161e-12
1.496328477966784721e-12
1.496328477965842227e-12
1.496328477964555614e-12
1.496328477963165199e-12
1.496328477961796797e-12
1.496328477960222408e-12
1.496328477958496960e-12
1.496328477956799382e-12
1.496328477954870371e-12
1.496328477952910058e-12
1.496328477950636321e-12
1.496328477948408023e-12
1.496328477949447451e-12
1.496328477950281498e-12
1.496328477950835442e-12
1.496328477951352632e-12
1.496328477951438460e-12
1.496328477951321128e-12
1.496328477951196728e-12
1.496328477950961458e-12
1.496328477950353795e-12
1.496328477949885881e-12
1.496328477949054258e-12
1.496328477948118631e-12
1.496328477947061027e-12
1.496328477945880841e-12
1.496328477944610787e-12
1.496328477942990555e-12
1.496328477941467056e-12
1.496328477939763016e-12
1.496328477937979610e-12
1.496328477935796548e-12
1.496328477933757677e-12
1.496328477931161024e-12
1.496328477928383022e-12
1.496328477925420237e-12
1.496328477922073145e-12
1.496328477918447565e-12
1.496328477914388604e-12
1.496328477909927363e-12
1.496328477904991340e-12
1.496328477899508037e-12
1.496328477893484926e-12
1.496328477886284456e-12
1.496328477878588405e-12
1.496328477869597865e-12
1.496328477859721377e-12
1.496328477848155994e-12
1.496328477834873445e-12
1.496328477819776187e-12
1.496328477802111155e-12
1.496328477781819785e-12
1.496328477757875976e-12
1.496328477729778694e-12
1.496328477696726608e-12
1.496328477657454916e-12
1.496328477610458698e-12
1.496328477553951115e-12
1.496328477518331861e-12
1.496328477474047406e-12
1.496328477418932257e-12
1.496328477352231935e-12
1.496328477272359932e-12
1.496328477178574089e-12
1.496328477071440467e-12
1.496328477004084822e-12
1.496328477005138185e-12
1.496328477032309129e-12
1.496328477076182417e-12
1.496328477127432476e-12
1.496328477179143987e-12
1.496328477240700281e-12
1.496328477424247943e-12
1.496328477581208089e-12
1.496328477659552554e-12
1.496328477714066099e-12
1.496328477746955414e-12
1.496328477748022106e-12
1.496328477724987064e-12
1.496328477793404958e-12
1.496328477371216901e-12
1.496328476862403485e-12
1.496328477170528263e-12
1.496328476857973343e-12
1.496328479598743407e-12
3.963859887672559418e-13
1.496328353571927043e-12
1.496328454527959673e-12
1.496328489450699772e-12
1.496328502711080105e-12
1.496325923858102425e-12
1.496328431822586951e-12
1.496328468465812237e-12
1.496328552185319209e-12
1.496328465261195394e-12
1.496328467855148775e-12
1.497415355362939105e-12
