-9.248504412403109018e+04
-7.830712633455770265e+04
-6.656761258134049422e+04
-5.680356408453843324e+04
-4.862082149595520605e+04
-4.174467645458770130e+04
-3.593557719684242329e+04
-3.101201776519194027e+04
-2.681811992519508931e+04
-2.324456546924605937e+04
-2.018019334008149599e+04
-1.754494923396607555e+04
-1.528183339568637712e+04
-1.332572537697281041e+04
-1.163798416564258514e+04
-1.017340551417354254e+04
-8.900761069545578721e+03
-7.796123247042102776e+03
-6.835516587171894571e+03
-5.996918043249961556e+03
-5.264338854023108070e+03
-4.625022840129323413e+03
-4.065349809207484668e+03
-3.575488399836944154e+03
-3.146264804031899075e+03
-2.769938788232576826e+03
-2.439460760570552793e+03
-2.149134223063928857e+03
-1.894054025933698085e+03
-1.669779269165813048e+03
-1.472660961942979384e+03
-1.298946774478625912e+03
-1.146055628247392406e+03
-1.011241749601146694e+03
-8.926025939750310272e+02
-7.879551305096164242e+02
-6.956997971922770603e+02
-6.143363227268614537e+02
-5.425695919574960726e+02
-4.792181698882122873e+02
-4.233539613910038497e+02
-3.739912474422507671e+02
-3.304310233906479084e+02
-2.919795542749923811e+02
-2.580141819230149736e+02
-2.280158897241404645e+02
-2.015121777257533324e+02
-1.781053961400114645e+02
-1.574265433242877634e+02
-1.391467877274920966e+02
-1.230036985506582852e+02
-1.087359397057203694e+02
-9.612528466527641058e+01
-8.497851794524363811e+01
-7.512798572964182142e+01
-6.642170969858720753e+01
-5.872597525709166177e+01
-5.192212969657405353e+01
-4.590785248553258668e+01
-4.059115785213916894e+01
-3.589019062198186560e+01
-3.173453591382466499e+01
-2.806030937170048034e+01
-2.481204726612752154e+01
-2.193979122943505899e+01
-1.940021958308199856e+01
-1.715478183645230814e+01
-1.516930826229975082e+01
-1.341368235430962308e+01
-1.186137506050866008e+01
-1.048871668586046368e+01
-9.274962230992501944e+00
-8.201696610309181068e+00
-7.252633311450428444e+00
-6.413405993529035065e+00
-5.671305264430484883e+00
-5.015087640946525482e+00
-4.434794206274627726e+00
-3.921629751163759892e+00
-3.467878770289670509e+00
-3.066635665282664291e+00
-2.711791851023390265e+00
-2.398033017905668363e+00
-2.120572622868145629e+00
-1.875192234663178414e+00
-1.658226334094999643e+00
-1.466368319002733900e+00
-1.296704146448184769e+00
-1.146667459226364816e+00
-1.013988753507284901e+00
-8.966590490466843644e-01
-7.929019918684714341e-01
-7.011513451595317026e-01
-6.200255209864092842e-01
-5.482849003495683382e-01
-4.848318314028196019e-01
-4.287350810879023699e-01
-3.791206238300434128e-01
-3.352497778365752246e-01
-2.964530251176821229e-01
-2.621498701606851389e-01
-2.318088522374920912e-01
-2.049854865430763562e-01
-1.812634701962920758e-01
-1.602834931094173632e-01
-1.417334805007078868e-01
-1.253316676150324771e-01
-1.108273490282229712e-01
-9.800041104325586672e-02
-8.665776486021650737e-02
-7.662783757386429362e-02
-6.775857181309269395e-02
-5.991609374937652277e-02
-5.298111753171452082e-02
-4.684886829138570907e-02
-4.142630814911610337e-02
-3.663100602788940674e-02
-3.239063382904164290e-02
-2.864110801401640802e-02
-2.532579160890572820e-02
-2.239440169354465701e-02
-1.980208253312696134e-02
-1.750952751051992884e-02
-1.548259268514490423e-02
-1.369048839065998245e-02
-1.210547439166047810e-02
-1.070400447343853104e-02
-9.464972636818237348e-03
-8.369075191147398382e-03
-7.400244435102230553e-03
-6.543516841730265439e-03
-5.785907790278741608e-03
-5.116114663337651032e-03
-4.523703063954103744e-03
-4.000019465851819417e-03
-3.536851292154571946e-03
-3.127414410318273517e-03
-2.765265245484733059e-03
-2.445129275532205871e-03
-2.162017323271905357e-03
-1.911686049925015842e-03
-1.690356029287131811e-03
-1.494623943699622398e-03
-1.321582124222254843e-03
-1.168556622289017473e-03
-1.033249625975983044e-03
-9.136286694914352597e-04
-8.078285153138319886e-04
-7.143019929452607128e-04
-6.315978433233510568e-04
-5.584649187015582397e-04
-4.938024783098458317e-04
-4.366364325875931999e-04
-3.860749333405235511e-04
-3.413765849472607736e-04
-3.018540693475106444e-04
-2.669064006066906381e-04
-2.360044977935408703e-04
-2.086797825213116905e-04
-1.845240330255533043e-04
-1.631622294606218705e-04
-1.442715041357481634e-04
-1.275715567919184139e-04
-1.128050243408904973e-04
-9.974708669407144235e-05
-8.820193768232969579e-05
-7.799306566624309692e-05
-6.896566127234379578e-05
-6.098461124700029851e-05
-5.392802595982819580e-05
-4.768737719332136253e-05
-4.216883377552237242e-05
-3.728989954474581529e-05
-3.297618465961552428e-05
-2.916148622888315619e-05
-2.578810218181805492e-05
-2.280538915309509993e-05
-2.016813176264717371e-05
-1.783603389043856815e-05
-1.577367127715978022e-05
-1.395000221583986572e-05
-1.233754874819257575e-05
-1.091179876753852634e-05
-9.650974835166976337e-06
-8.535906309199716604e-06
-7.549775815061335512e-06
-6.677757791353702035e-06
-5.906690064392816698e-06
-5.224860135346867260e-06
-4.621880982260145418e-06
-4.088588297664326586e-06
-3.616917430066626301e-06
-3.199762199692793372e-06
-2.830839442157547913e-06
-2.504578088413082560e-06
-2.216035770355938059e-06
-1.960834507585795129e-06
-1.735104933881826434e-06
-1.535432665250175586e-06
-1.358805638552135815e-06
-1.202564333586875709e-06
-1.064357221698908763e-06
-9.421026345699851706e-07
-8.339568251937878587e-07
-7.382870875987585345e-07
-6.536485819790730166e-07
-5.787637683725509635e-07
-5.125037815642058082e-07
-4.538714540824623175e-07
-4.019859188226444111e-07
-3.560687978338981282e-07
-3.154319626907459283e-07
-2.794667921793507135e-07
-2.476347965224361391e-07
-2.194594441062009935e-07
-1.945190197359855902e-07
-1.724403560769132074e-07
-1.528933043695279524e-07
-1.355858355222983204e-07
-1.202596873510822616e-07
-1.066864919031113071e-07
-9.466433016297013082e-08
-8.401467022129764984e-08
-7.457965056434401036e-08
-6.621967375700841787e-08
-5.881127840826866192e-08
-5.224525955451192100e-08
-4.642500980711047791e-08
-4.126505590694327023e-08
-3.668976770324982724e-08
-3.263221895971699004e-08
-2.903318170533332243e-08
-2.584023802149174203e-08
-2.300699514302760835e-08
-2.049239152620141229e-08
-1.826008309785170383e-08
-1.627790025781019704e-08
-1.451736738022701000e-08
-1.295327757127611955e-08
-1.156331631367655689e-08
-1.032772838377105157e-08
-9.229023083084573578e-09
-8.251713398989242866e-09
-7.382085211204530540e-09
-6.607993102855170845e-09
-5.918679725198837668e-09
-5.304616010848465665e-09
-4.757359837036941346e-09
-4.269431012928223465e-09
-3.834200707147471704e-09
-3.445793646976939281e-09
-3.099001611983317809e-09
-2.789206914774892450e-09
-2.512314712413347491e-09
-2.264693125756532075e-09
-2.043120262513287161e-09
-1.844737344699757056e-09
-1.667007233989143936e-09
-1.507677730492871772e-09
-1.364749093016604596e-09
-1.236445292893069480e-09
-1.121188570084859603e-09
-1.017576910246488245e-09
-9.243641056107242860e-10
-8.404421016038014568e-10
-7.648253656009364432e-10
-6.966370447379265941e-10
-6.350967066631776398e-10
-5.795094809578747950e-10
-5.292564400313929031e-10
-4.837860769346706399e-10
-4.426067540076631150e-10
-4.052800108394345835e-10
-3.714146328921545626e-10
-3.406613935204024965e-10
-3.127083921785731991e-10
-2.872769205061704749e-10
-2.641177958490918144e-10
-2.430081087347871645e-10
-2.237483369759380584e-10
-2.061597845241620398e-10
-1.900823080141417824e-10
-1.753722982018596050e-10
-1.619008872719968695e-10
-1.495523563256216446e-10
-1.382227203099430328e-10
-1.278184702615004197e-10
-1.182554550421025438e-10
-1.094578867880038107e-10
-1.013574560982402907e-10
-9.389254458521643455e-11
-8.700752382377981793e-11
-8.065213098571595735e-11
-7.478091255357865246e-11
-6.935272848785147604e-11
-6.433031008912719594e-11
-5.967986556528724374e-11
-5.537072799385168802e-11
-5.137504097189051067e-11
-4.766747777894817577e-11
-4.422499035036966285e-11
-4.102658477614600359e-11
-3.805312041026816650e-11
-3.528713000311240207e-11
-3.271265855953111838e-11
-3.031511888245780137e-11
-2.808116198977259372e-11
-2.599856079437705268e-11
-2.405610561677008491e-11
-2.224351025860042720e-11
-2.055132750691320075e-11
-1.897087306416858453e-11
-1.749415700449823537e-11
-1.611382199183364248e-11
-1.482308748838149116e-11
-1.361569939097133602e-11
-1.248588449904397094e-11
-1.142830932204571173e-11
-1.043804278078190706e-11
-9.510522405467087814e-12
-8.641523675986825076e-12
-7.827132187905788274e-12
-7.063718361556669961e-12
-6.347914441585925174e-12
-5.676593561048189160e-12
-5.046850667897465403e-12
-4.455985132854733312e-12
-3.901484876418717380e-12
-3.381011869506830293e-12
-2.892388877111316429e-12
-2.433587327595006950e-12
-2.002716202112361195e-12
-1.598011849192322383e-12
-1.217828638986094688e-12
-8.606303801662206884e-13
-5.249824300553951303e-13
-2.095444354155209574e-13
8.693635253979350484e-14
3.656312398075562659e-13
6.276357738711235596e-13
8.739749920459479754e-13
1.105608271339544021e-12
1.323433813668631243e-12
1.528292797026201429e-12
1.720973220298841299e-12
1.902213466827293400e-12
2.072705609465071356e-12
2.233098477803323754e-12
2.384000506354867790e-12
2.525982380798624410e-12
2.659579497899477401e-12
2.785294253339636073e-12
2.903598170516234394e-12
3.014933882236825640e-12
3.119716976302425187e-12
3.218337715057529453e-12
3.311162638205218836e-12
3.398536057455519334e-12
3.480781450924360265e-12
3.558202764591219524e-12
3.631085627572692788e-12
3.699698487448688966e-12
3.764293671418525657e-12
3.825108378597381742e-12
3.882365608370993513e-12
3.936275029333287240e-12
3.987033792970151441e-12
4.034827295926759242e-12
4.079829894383502546e-12
4.122205573787887509e-12
4.162108576917749495e-12
4.199683993030517068e-12
4.235068310621844295e-12
4.268389936127732522e-12
4.299769680728548232e-12
4.329321217253430415e-12
4.357151509040997990e-12
4.383361212480068408e-12
4.408045054853868323e-12
4.431292188990008600e-12
4.453186526146698455e-12
4.473807048465640358e-12
4.493228102257129054e-12
4.511519673310621691e-12
4.528747645354575814e-12
4.544974042731550311e-12
4.560257258297495401e-12
4.574652267491615140e-12
4.588210829468339163e-12
4.600981676131748078e-12
4.613010689856753023e-12
4.624341070627896764e-12
4.635013493275621062e-12
4.645066255448728333e-12
4.654535416895667920e-12
4.663454930606109873e-12
4.671856766304368827e-12
4.679771026758440324e-12
4.687226057320727098e-12
4.694248549101846328e-12
4.700863636132835545e-12
4.707094986855761548e-12
4.712964890256926074e-12
4.718494336937031398e-12
4.723703095397547209e-12
4.728609783810298134e-12
4.733231937510777102e-12
4.737586072472563741e-12
4.741687744976151343e-12
4.745551607702142654e-12
4.749191462462113187e-12
4.752620309768077474e-12
4.755850395432540095e-12
4.758893254396754135e-12
4.761759751949127879e-12
4.764460122515031651e-12
4.767004006169977419e-12
4.769400483020656366e-12
4.771658105599964279e-12
4.773784929396129617e-12
4.775788541633306969e-12
4.777676088418629365e-12
4.779454300344785938e-12
4.781129516645558585e-12
4.782707707979139497e-12
4.784194497921618851e-12
4.785595183234994737e-12
4.786914752976475100e-12
4.788157906503864345e-12
4.789329070439242779e-12
4.790432414640131113e-12
4.791471867227888766e-12
4.792451128727817147e-12
4.793373685361303432e-12
4.794242821541207672e-12
4.795061631619281516e-12
4.795833030916985997e-12
4.796559766099234678e-12
4.797244424921423086e-12
4.797889445395762008e-12
4.798497124409909785e-12
4.799069625844302456e-12
4.799608988210589954e-12
4.800117131853009121e-12
4.800595865738702900e-12
4.801046893861728401e-12
4.801471821291433043e-12
4.801872159882657615e-12
4.802249333667786607e-12
4.802604683954686561e-12
4.802939474134123884e-12
4.803254894229230757e-12
4.803552065180585044e-12
4.803832042894138987e-12
4.804095822053414344e-12
4.804344339713599724e-12
4.804578478682306416e-12
4.804799070699622246e-12
4.805006899426532572e-12
4.805202703253919014e-12
4.805387177937662041e-12
4.805560979071457827e-12
4.805724724412884877e-12
4.805878996061471545e-12
4.806024342506372760e-12
4.806161280553170130e-12
4.806290297134181758e-12
4.806411851011928426e-12
4.806526374386708226e-12
4.806634274411622282e-12
4.806735934626549693e-12
4.806831716306033497e-12
4.806921959742693394e-12
4.807006985457014550e-12
4.807087095341684124e-12
4.807162573744751965e-12
4.807233688496631886e-12
4.807300691876827814e-12
4.807363821528522506e-12
4.807423301322057988e-12
4.807479342168295619e-12
4.807532142779247449e-12
4.807581890391641140e-12
4.807628761438879014e-12
4.807672922183128435e-12
4.807714529309892614e-12
4.807753730482738606e-12
4.807790664862545397e-12
4.807825463597307921e-12
4.807858250278322318e-12
4.807889141369115435e-12
4.807918246610537143e-12
4.807945669400280334e-12
4.807971507150850599e-12
4.807995851629468802e-12
4.808018789276187452e-12
4.808040401510234300e-12
4.808060765016116663e-12
4.808079952014393018e-12
4.808098030525744763e-12
4.808115064612459636e-12
4.808131114611656260e-12
4.808146237354919987e-12
4.808160486379212135e-12
4.808173912118606261e-12
4.808186562092560605e-12
4.808198481077386815e-12
4.808209711270108447e-12
4.808220292439171823e-12
4.808230262068537817e-12
4.808239655490632568e-12
4.808248506007890516e-12
4.808256845012934701e-12
4.808264702094569782e-12
4.808272105139876637e-12
4.808279080429338948e-12
4.808285652727425935e-12
4.808291845365699777e-12
4.808297680325708155e-12
4.808303178309868946e-12
4.808308358818854423e-12
4.808313240215459455e-12
4.808317839793344735e-12
4.808322173836197164e-12
4.808326257678769150e-12
4.808330105762165620e-12
4.808333731687391038e-12
4.808337148265529541e-12
4.808340367565514620e-12
4.808343400958938237e-12
4.808346259162376784e-12
4.808348952276178906e-12
4.808351489820602151e-12
4.808353880772811524e-12
4.808356133594698285e-12
4.808358256265614169e-12
4.808360256309160244e-12
4.808362140817246230e-12
4.808363916475534389e-12
4.808365589585626373e-12
4.808367166085603809e-12
4.808368651569901628e-12
4.808370051308716119e-12
4.808371370265917747e-12
4.808372613115177949e-12
4.808373784257013572e-12
4.808374887834956482e-12
4.808375927748895079e-12
4.808376907671908717e-12
4.808377831061422526e-12
4.808378701173827664e-12
4.808379521075674918e-12
4.808380293657861170e-12
4.808381021642575616e-12
4.808381707597424843e-12
4.808382353941566407e-12
4.808382962957601170e-12
4.808383536797926595e-12
4.808384077491796055e-12
4.808384586954062389e-12
4.808385066990758143e-12
4.808385519303617595e-12
4.808385945498304944e-12
4.808386347088250518e-12
4.808386725498760828e-12
4.808387082072855689e-12
4.808387418074839469e-12
4.808387734695932221e-12
4.808388033057249634e-12
4.808388314212503487e-12
4.808388579155351761e-12
4.808388828820002060e-12
4.808389064085837850e-12
4.808389285780910544e-12
4.808389494684736895e-12
4.808389691532580301e-12
4.808389877016471858e-12
4.808390051789103111e-12
4.808390216465991757e-12
4.808390371628022958e-12
4.808390517822916294e-12
4.808390655567717002e-12
4.808390785350638550e-12
4.808390907632289677e-12
4.808391022846649399e-12
4.808391131402331205e-12
4.808391233687008962e-12
4.808391330063375517e-12
4.808391420874435369e-12
4.808391506442768760e-12
4.808391587071728025e-12
4.808391663047076600e-12
4.808391734637576291e-12
4.808391802095974396e-12
4.808391865659209693e-12
4.808391925552049933e-12
4.808391981984159553e-12
4.808392035154637049e-12
4.808392085249481736e-12
4.808392132445164197e-12
4.808392176907784561e-12
4.808392218794780986e-12
4.808392258253065273e-12
4.808392295422956818e-12
4.808392330436817445e-12
4.808392363418365585e-12
4.808392394486696667e-12
4.808392423751151204e-12
4.808392451317101830e-12
4.808392477283175290e-12
4.808392501742758985e-12
4.808392524782647909e-12
4.808392546485375947e-12
4.808392566928948493e-12
4.808392586185146082e-12
4.808392604322948631e-12
4.808392621406389128e-12
4.808392637496208802e-12
4.808392652649281168e-12
4.808392666918569211e-12
4.808392680354663426e-12
4.808392693005264023e-12
4.808392704915205968e-12
4.808392716126600349e-12
4.808392726679999209e-12
4.808392736612767041e-12
4.808392745961165698e-12
4.808392754758483544e-12
4.808392763036997587e-12
4.808392770826554992e-12
4.808392778156169280e-12
4.808392785052089704e-12
4.808392791539815882e-12
4.808392797642893382e-12
4.808392803384427523e-12
4.808392808783907133e-12
4.808392813862426124e-12
4.808392818637812502e-12
4.808392823127861150e-12
4.808392827347761819e-12
4.808392831314199485e-12
4.808392835041161094e-12
4.808392838541887189e-12
4.808392841829609430e-12
4.808392844916242771e-12
4.808392847813441251e-12
4.808392850531909750e-12
4.808392853082106771e-12
4.808392855473552968e-12
4.808392857715636520e-12
4.808392859816974159e-12
4.808392861785408755e-12
4.808392863629452026e-12
4.808392865356053422e-12
4.808392866972107461e-12
4.808392868483675017e-12
4.808392869897015683e-12
4.808392871218506182e-12
4.808392872452185481e-12
4.808392873603721868e-12
4.808392874678067117e-12
4.808392875679419332e-12
4.808392876611690656e-12
4.808392877478613097e-12
4.808392878284640019e-12
4.808392879032528423e-12
4.808392879725934382e-12
4.808392880367511498e-12
4.808392880960838296e-12
4.808392881508405204e-12
4.808392882012800393e-12
4.808392882476885068e-12
4.808392882903021216e-12
4.808392883292889856e-12
4.808392883649266568e-12
4.808392883973681311e-12
4.808392884267998474e-12
4.808392884534235924e-12
4.808392884773750756e-12
4.808392884987786970e-12
4.808392885178580541e-12
4.808392885346965110e-12
4.808392885494328467e-12
4.808392885622202996e-12
4.808392885730849615e-12
4.808392885821946919e-12
4.808392885896481224e-12
4.808392885955105227e-12
4.808392885998921565e-12
4.808392886028723493e-12
4.808392886045212176e-12
4.808392886049550027e-12
4.808392886042162755e-12
4.808392886023694978e-12
4.808392885994931065e-12
4.808392885956673962e-12
4.808392885909111076e-12
4.808392885852918533e-12
4.808392885788291008e-12
4.808392885716352952e-12
4.808392885637172219e-12
4.808392885551340921e-12
4.808392885458720119e-12
4.808392885360387408e-12
4.808392885256075409e-12
4.808392885146436011e-12
4.808392885031818990e-12
4.808392884912102368e-12
4.808392884787828174e-12
4.808392884659296909e-12
4.808392884526854307e-12
4.808392884390343656e-12
4.808392884250517013e-12
4.808392884107127193e-12
4.808392883960733996e-12
4.808392883810999764e-12
4.808392883658765412e-12
4.808392883503936427e-12
4.808392883346599243e-12
4.808392883186620574e-12
4.808392883024623228e-12
4.808392882860429492e-12
4.808392882694210618e-12
4.808392882525930254e-12
4.808392882355992298e-12
4.808392882184293352e-12
4.808392882010912580e-12
4.808392881836335465e-12
4.808392881659961010e-12
4.808392881482760990e-12
4.808392881304168334e-12
4.808392881123960898e-12
4.808392880942566813e-12
4.808392880760669474e-12
4.808392880577464316e-12
4.808392880392986076e-12
4.808392880207536060e-12
4.808392880021253209e-12
4.808392879834512339e-12
4.808392879646566241e-12
4.808392879458181511e-12
4.808392879269018876e-12
4.808392879078541152e-12
4.808392878887931759e-12
4.808392878696814263e-12
4.808392878504822735e-12
4.808392878312336837e-12
4.808392878119340414e-12
4.808392877925592742e-12
4.808392877731223070e-12
4.808392877536623984e-12
4.808392877341189640e-12
4.808392877145382095e-12
4.808392876949215889e-12
4.808392876752375176e-12
4.808392876555678250e-12
4.808392876357619385e-12
4.808392876160049234e-12
4.808392875961367560e-12
4.808392875762609145e-12
4.808392875563324048e-12
4.808392875363992908e-12
4.808392875163991299e-12
4.808392874963465431e-12
4.808392874762789314e-12
4.808392874561499274e-12
4.808392874359945086e-12
4.808392874157671961e-12
4.808392873955379449e-12
4.808392873752449588e-12
4.808392873549142488e-12
4.808392873345309514e-12
4.808392873141370719e-12
4.808392872937135463e-12
4.808392872732043139e-12
4.808392872526850648e-12
4.808392872321107242e-12
4.808392872114816153e-12
4.808392871908272223e-12
4.808392871701246849e-12
4.808392871493684292e-12
4.808392871285697643e-12
4.808392871077742499e-12
4.808392870868394718e-12
4.808392870658986352e-12
4.808392870449247599e-12
4.808392870238722056e-12
4.808392870027752225e-12
4.808392869816233095e-12
4.808392869604078232e-12
4.808392869391133346e-12
4.808392869178039827e-12
4.808392868964102163e-12
4.808392868749331664e-12
4.808392868534053871e-12
4.808392868318255050e-12
4.808392868101780915e-12
4.808392867884317232e-12
4.808392867666036870e-12
4.808392867447326762e-12
4.808392867228052006e-12
4.808392867007794165e-12
4.808392866786477307e-12
4.808392866564854295e-12
4.808392866342214271e-12
4.808392866118558043e-12
4.808392865894015665e-12
4.808392865668493434e-12
4.808392865442199759e-12
4.808392865214838182e-12
4.808392864986747167e-12
4.808392864756887892e-12
4.808392864526563328e-12
4.808392864294222511e-12
4.808392864061140139e-12
4.808392863827365489e-12
4.808392863591934054e-12
4.808392863355685132e-12
4.808392863117777809e-12
4.808392862878507739e-12
4.808392862638125337e-12
4.808392862395875317e-12
4.808392862152738339e-12
4.808392861907518869e-12
4.808392861660979465e-12
4.808392861412594252e-12
4.808392861162320418e-12
4.808392860910565090e-12
4.808392860656783009e-12
4.808392860401408766e-12
4.808392860144372892e-12
4.808392859884724614e-12
4.808392859623846873e-12
4.808392859360282412e-12
4.808392859094486824e-12
4.808392858826611168e-12
4.808392858556182885e-12
4.808392858283651915e-12
4.808392858008553776e-12
4.808392857730933707e-12
4.808392857450269063e-12
4.808392857166931431e-12
4.808392856880716437e-12
4.808392856591611966e-12
4.808392856299260165e-12
4.808392856004183677e-12
4.808392855705446268e-12
4.808392855403569773e-12
4.808392855097943500e-12
4.808392854788026228e-12
4.808392854475229980e-12
4.808392854158118498e-12
4.808392853837067407e-12
4.808392853511722086e-12
4.808392853181827271e-12
4.808392852847544521e-12
4.808392852508351195e-12
4.808392852164558292e-12
4.808392851815349940e-12
4.808392851460957978e-12
4.808392851101131988e-12
4.808392850735794423e-12
4.808392850364236039e-12
4.808392849986651516e-12
4.808392849603013387e-12
4.808392849211962945e-12
4.808392848814476811e-12
4.808392848409514548e-12
4.808392847996810391e-12
4.808392847576011335e-12
4.808392847147586708e-12
4.808392846710971861e-12
4.808392846265630421e-12
4.808392845811015511e-12
4.808392845346734542e-12
4.808392844872321420e-12
4.808392844387273694e-12
4.808392843891580058e-12
4.808392843384738062e-12
4.808392842865550557e-12
4.808392842334078936e-12
4.808392841790184257e-12
4.808392841232297786e-12
4.808392840660758796e-12
4.808392840074202115e-12
4.808392839472463763e-12
4.808392838854004083e-12
4.808392838218806113e-12
4.808392837566142838e-12
4.808392836894547306e-12
4.808392836204042941e-12
4.808392835493061010e-12
4.808392834761154802e-12
4.808392834006132773e-12
4.808392833228118516e-12
4.808392832424977032e-12
4.808392831596096822e-12
4.808392830739958426e-12
4.808392829854837204e-12
4.808392828939239546e-12
4.808392827992152480e-12
4.808392827011669612e-12
4.808392825996162431e-12
4.808392824943302067e-12
4.808392823851495552e-12
4.808392822717917224e-12
4.808392821541146174e-12
4.808392820318671779e-12
4.808392819047052032e-12
4.808392817724177783e-12
4.808392816346931757e-12
4.808392814911709578e-12
4.808392813415418206e-12
4.808392811854411260e-12
4.808392810224305652e-12
4.808392808521778928e-12
4.808392806742440729e-12
4.808392804880819869e-12
4.808392802932004964e-12
4.808392800890588644e-12
4.808392810426568276e-12
4.808392824647627003e-12
4.808392839765412523e-12
4.808392852037170054e-12
4.808392858754510746e-12
4.808392858888722416e-12
4.808392853235341171e-12
4.808392844058972656e-12
4.808392834373243445e-12
4.808392827065125352e-12
4.808392824117565789e-12
4.808392826121481909e-12
4.808392832200901559e-12
4.808392840362610268e-12
4.808392848145575270e-12
4.808392853370508461e-12
4.808392854767027634e-12
4.808392852285951086e-12
4.808392847033855836e-12
4.808392840855059806e-12
4.808392835726569088e-12
4.808392833138822592e-12
4.808392833664655814e-12
4.808392836834995956e-12
4.808392841354235840e-12
4.808392845569470694e-12
4.808392848039849632e-12
4.808392847996562398e-12
4.808392845562501051e-12
4.808392841650963459e-12
4.808392837603917689e-12
4.808392834697767241e-12
4.808392833699034700e-12
4.808392834620917800e-12
4.808392836758972080e-12
4.808392838991179548e-12
4.808392840219163094e-12
4.808392839778592483e-12
4.808392837667303634e-12
4.808392834505363738e-12
4.808392831252383083e-12
4.808392828800896820e-12
4.808392827614432247e-12
4.808392827554360679e-12
4.808392827966080943e-12
4.808392827975759925e-12
4.808392826875049910e-12
4.808392827812606627e-12
4.808392831042650792e-12
4.808392835095515099e-12
4.808392838207356447e-12
4.808392839177135242e-12
4.808392837908749093e-12
4.808392835374146527e-12
4.808392833049730231e-12
4.808392832124827600e-12
4.808392832874939859e-12
4.808392834527891485e-12
4.808392836815565290e-12
4.808392838983918291e-12
4.808392840038650313e-12
4.808392839653163145e-12
4.808392838312043262e-12
4.808392836952643011e-12
4.808392836765839133e-12
4.808392838170588915e-12
4.808392840305678593e-12
4.808392841755208411e-12
4.808392841748916507e-12
4.808392840691057517e-12
4.808392839642362137e-12
4.808392839610819414e-12
4.808392840756760214e-12
4.808392842182770315e-12
4.808392842801322083e-12
4.808392842277930821e-12
4.808392841347743604e-12
4.808392841101225202e-12
4.808392841882090970e-12
4.808392842884624987e-12
