This is pdfTeX, Version 3.14159265-2.6-1.40.16 (MiKTeX 2.9) (preloaded format=pdflatex 2015.12.18)  23 AUG 2017 17:02
entering extended mode
**./UserGuide2.tex
(UserGuide2.tex
LaTeX2e <2015/10/01> patch level 2
Babel <3.9m> and hyphenation patterns for 69 languages loaded.
("C:\Users\John\AppData\Local\Programs\MiKTeX 2.9\tex\latex\revtex4\revtex4.cls
"
Document Class: revtex4 2001/08/03 v4.0 (http://publish.aps.org/revtex4/ for do
cumentation)
 Copyright (c) 2001 The American Physical Society.
 mailto:revtex@aps.org
 Licensed under the LPPL:
http://www.ctan.org/tex-archive/macros/latex/base/lppl.txt
 Arthur Ogawa <ogawa@teleport.com>
 Based on work by David Carlisle <david@dcarlisle.demon.co.uk>.
ltxutil: portions licensed from W. E. Baxter (web@superscript.com)
Class revtex4 Info: Repairing broken LateX \@sect on input line 596.
\intertabularlinepenalty=\count79
\@tbpen=\count80
\@arstrutbox@hline=\box26
Class revtex4 Info: Repairing broken LaTeX \@xbitor on input line 1610.
ltxgrid: portions licensed from W. E. Baxter (web@superscript.com)
\c@linecount=\count81
\output=\toks14
\@protection@box=\box27
\@topmark@saved=\toks15
\footins@saved=\box28
\pagesofar=\box29
\footbox=\box30
\pagegrid@col=\count82
Class revtex4 Info: Incorporating package {textcase}  [1998/11/12 v0.06 Text on
ly upper/lower case changing (DPC)]. on input line 3682.
("C:\Users\John\AppData\Local\Programs\MiKTeX 2.9\tex\latex\url\url.sty"
\Urlmuskip=\muskip10
Package: url 2013/09/16  ver 3.4  Verb mode for urls, etc.
)
\c@affil=\count83
\absbox=\box31
\c@part=\count84
\c@section=\count85
\c@subsection=\count86
\c@subsubsection=\count87
\c@paragraph=\count88
\c@subparagraph=\count89
\abovecaptionskip=\skip41
\belowcaptionskip=\skip42
\c@figure=\count90
\c@table=\count91

("C:\Users\John\AppData\Local\Programs\MiKTeX 2.9\tex\latex\natbib\natbib.sty"
Package: natbib 2010/09/13 8.31b (PWD, AO)
\bibhang=\skip43
\bibsep=\skip44
LaTeX Info: Redefining \cite on input line 694.
\c@NAT@ctr=\count92
)
\widetext@top=\box32
\widetext@bot=\box33
("C:\Users\John\AppData\Local\Programs\MiKTeX 2.9\tex\latex\revtex4\revsymb.sty
"
Package: revsymb 2001/08/03 v4.0 (http://publish.aps.org/revtex4/ for documenta
tion)
LaTeX Info: Redefining \REV@mathfrak on input line 118.
)) ("C:\Program Files (x86)\MiKTeX 2.9\tex\latex\amsfonts\amssymb.sty"
Package: amssymb 2013/01/14 v3.01 AMS font symbols

("C:\Program Files (x86)\MiKTeX 2.9\tex\latex\amsfonts\amsfonts.sty"
Package: amsfonts 2013/01/14 v3.01 Basic AMSFonts support
\@emptytoks=\toks16
\symAMSa=\mathgroup4
\symAMSb=\mathgroup5
LaTeX Font Info:    Overwriting math alphabet `\mathfrak' in version `bold'
(Font)                  U/euf/m/n --> U/euf/b/n on input line 106.
LaTeX Info: Redefining \frak on input line 111.
LaTeX Info: Redefining \Bbb on input line 113.
))
("C:\Program Files (x86)\MiKTeX 2.9\tex\latex\amsmath\amsmath.sty"
Package: amsmath 2013/01/14 v2.14 AMS math features
\@mathmargin=\skip45

For additional information on amsmath, use the `?' option.
("C:\Program Files (x86)\MiKTeX 2.9\tex\latex\amsmath\amstext.sty"
Package: amstext 2000/06/29 v2.01

("C:\Program Files (x86)\MiKTeX 2.9\tex\latex\amsmath\amsgen.sty"
File: amsgen.sty 1999/11/30 v2.0
\@emptytoks=\toks17
\ex@=\dimen102
))
("C:\Program Files (x86)\MiKTeX 2.9\tex\latex\amsmath\amsbsy.sty"
Package: amsbsy 1999/11/29 v1.2d
\pmbraise@=\dimen103
)
("C:\Program Files (x86)\MiKTeX 2.9\tex\latex\amsmath\amsopn.sty"
Package: amsopn 1999/12/14 v2.01 operator names
)
\inf@bad=\count93
LaTeX Info: Redefining \frac on input line 210.
\uproot@=\count94
\leftroot@=\count95
LaTeX Info: Redefining \overline on input line 306.
\classnum@=\count96
\DOTSCASE@=\count97
LaTeX Info: Redefining \ldots on input line 378.
LaTeX Info: Redefining \dots on input line 381.
LaTeX Info: Redefining \cdots on input line 466.
\Mathstrutbox@=\box34
\strutbox@=\box35
\big@size=\dimen104
LaTeX Font Info:    Redeclaring font encoding OML on input line 566.
LaTeX Font Info:    Redeclaring font encoding OMS on input line 567.
\macc@depth=\count98
\c@MaxMatrixCols=\count99
\dotsspace@=\muskip11
\c@parentequation=\count100
\dspbrk@lvl=\count101
\tag@help=\toks18
\row@=\count102
\column@=\count103
\maxfields@=\count104
\andhelp@=\toks19
\eqnshift@=\dimen105
\alignsep@=\dimen106
\tagshift@=\dimen107
\tagwidth@=\dimen108
\totwidth@=\dimen109
\lineht@=\dimen110
\@envbody=\toks20
\multlinegap=\skip46
\multlinetaggap=\skip47
\mathdisplay@stack=\toks21
LaTeX Info: Redefining \[ on input line 2665.
LaTeX Info: Redefining \] on input line 2666.
)
("C:\Users\John\AppData\Local\Programs\MiKTeX 2.9\tex\latex\revtex4\aps.rtx"
File: aps.rtx 2001/08/03 v4.0 (http://publish.aps.org/revtex4/ for documentatio
n)
)
("C:\Users\John\AppData\Local\Programs\MiKTeX 2.9\tex\latex\revtex4\10pt.rtx"
File: 10pt.rtx 2001/08/03 v4.0 (http://publish.aps.org/revtex4/ for documentati
on)
)
("C:\Program Files (x86)\MiKTeX 2.9\tex\latex\graphics\graphicx.sty"
Package: graphicx 2014/10/28 v1.0g Enhanced LaTeX Graphics (DPC,SPQR)

("C:\Program Files (x86)\MiKTeX 2.9\tex\latex\graphics\keyval.sty"
Package: keyval 2014/10/28 v1.15 key=value parser (DPC)
\KV@toks@=\toks22
)
("C:\Program Files (x86)\MiKTeX 2.9\tex\latex\graphics\graphics.sty"
Package: graphics 2014/10/28 v1.0p Standard LaTeX Graphics (DPC,SPQR)

("C:\Program Files (x86)\MiKTeX 2.9\tex\latex\graphics\trig.sty"
Package: trig 1999/03/16 v1.09 sin cos tan (DPC)
)
("C:\Program Files (x86)\MiKTeX 2.9\tex\latex\00miktex\graphics.cfg"
File: graphics.cfg 2007/01/18 v1.5 graphics configuration of teTeX/TeXLive
)
Package graphics Info: Driver file: pdftex.def on input line 94.

("C:\Program Files (x86)\MiKTeX 2.9\tex\latex\pdftex-def\pdftex.def"
File: pdftex.def 2011/05/27 v0.06d Graphics/color for pdfTeX

("C:\Program Files (x86)\MiKTeX 2.9\tex\generic\oberdiek\infwarerr.sty"
Package: infwarerr 2010/04/08 v1.3 Providing info/warning/error messages (HO)
)
("C:\Program Files (x86)\MiKTeX 2.9\tex\generic\oberdiek\ltxcmds.sty"
Package: ltxcmds 2011/11/09 v1.22 LaTeX kernel commands for general use (HO)
)
\Gread@gobject=\count105
))
\Gin@req@height=\dimen111
\Gin@req@width=\dimen112
)
("C:\Users\John\AppData\Local\Programs\MiKTeX 2.9\tex\latex\epsf\epsf.sty"
This is `epsf.tex' v2.7.4 <14 February 2011>
\epsffilein=\read1
\epsfframemargin=\dimen113
\epsfframethickness=\dimen114
\epsfrsize=\dimen115
\epsftmp=\dimen116
\epsftsize=\dimen117
\epsfxsize=\dimen118
\epsfysize=\dimen119
\pspoints=\dimen120
) ("C:\Program Files (x86)\MiKTeX 2.9\tex\latex\float\float.sty"
Package: float 2001/11/08 v1.3d Float enhancements (AL)
\c@float@type=\count106
\float@exts=\toks23
\float@box=\box36
\@float@everytoks=\toks24
\@floatcapt=\box37
)
("C:\Users\John\AppData\Local\Programs\MiKTeX 2.9\tex\latex\wrapfig\wrapfig.sty
"
\wrapoverhang=\dimen121
\WF@size=\dimen122
\c@WF@wrappedlines=\count107
\WF@box=\box38
\WF@everypar=\toks25
Package: wrapfig 2003/01/31  v 3.6
) ("C:\Users\John\AppData\Local\Programs\MiKTeX 2.9\tex\latex\xcolor\xcolor.sty
"
Package: xcolor 2007/01/21 v2.11 LaTeX color extensions (UK)
 ("C:\Program Files (x86)\MiKTeX 2.9\tex\latex\00miktex\color.cfg"
File: color.cfg 2007/01/18 v1.5 color configuration of teTeX/TeXLive
)
Package xcolor Info: Driver file: pdftex.def on input line 225.
Package xcolor Info: Model `cmy' substituted by `cmy0' on input line 1337.
Package xcolor Info: Model `hsb' substituted by `rgb' on input line 1341.
Package xcolor Info: Model `RGB' extended on input line 1353.
Package xcolor Info: Model `HTML' substituted by `rgb' on input line 1355.
Package xcolor Info: Model `Hsb' substituted by `hsb' on input line 1356.
Package xcolor Info: Model `tHsb' substituted by `hsb' on input line 1357.
Package xcolor Info: Model `HSB' substituted by `hsb' on input line 1358.
Package xcolor Info: Model `Gray' substituted by `gray' on input line 1359.
Package xcolor Info: Model `wave' substituted by `hsb' on input line 1360.
)
("C:\Program Files (x86)\MiKTeX 2.9\tex\latex\hyperref\hyperref.sty"
Package: hyperref 2012/11/06 v6.83m Hypertext links for LaTeX

("C:\Program Files (x86)\MiKTeX 2.9\tex\generic\oberdiek\hobsub-hyperref.sty"
Package: hobsub-hyperref 2012/04/25 v1.12 Bundle oberdiek, subset hyperref (HO)


("C:\Program Files (x86)\MiKTeX 2.9\tex\generic\oberdiek\hobsub-generic.sty"
Package: hobsub-generic 2012/04/25 v1.12 Bundle oberdiek, subset generic (HO)
Package: hobsub 2012/04/25 v1.12 Construct package bundles (HO)
Package hobsub Info: Skipping package `infwarerr' (already loaded).
Package hobsub Info: Skipping package `ltxcmds' (already loaded).
Package: ifluatex 2010/03/01 v1.3 Provides the ifluatex switch (HO)
Package ifluatex Info: LuaTeX not detected.
Package: ifvtex 2010/03/01 v1.5 Detect VTeX and its facilities (HO)
Package ifvtex Info: VTeX not detected.
Package: intcalc 2007/09/27 v1.1 Expandable calculations with integers (HO)
Package: ifpdf 2011/01/30 v2.3 Provides the ifpdf switch (HO)
Package ifpdf Info: pdfTeX in PDF mode is detected.
Package: etexcmds 2011/02/16 v1.5 Avoid name clashes with e-TeX commands (HO)
Package etexcmds Info: Could not find \expanded.
(etexcmds)             That can mean that you are not using pdfTeX 1.50 or
(etexcmds)             that some package has redefined \expanded.
(etexcmds)             In the latter case, load this package earlier.
Package: kvsetkeys 2012/04/25 v1.16 Key value parser (HO)
Package: kvdefinekeys 2011/04/07 v1.3 Define keys (HO)
Package: pdftexcmds 2011/11/29 v0.20 Utility functions of pdfTeX for LuaTeX (HO
)
Package pdftexcmds Info: LuaTeX not detected.
Package pdftexcmds Info: \pdf@primitive is available.
Package pdftexcmds Info: \pdf@ifprimitive is available.
Package pdftexcmds Info: \pdfdraftmode found.
Package: pdfescape 2011/11/25 v1.13 Implements pdfTeX's escape features (HO)
Package: bigintcalc 2012/04/08 v1.3 Expandable calculations on big integers (HO
)
Package: bitset 2011/01/30 v1.1 Handle bit-vector datatype (HO)
Package: uniquecounter 2011/01/30 v1.2 Provide unlimited unique counter (HO)
)
Package hobsub Info: Skipping package `hobsub' (already loaded).
Package: letltxmacro 2010/09/02 v1.4 Let assignment for LaTeX macros (HO)
Package: hopatch 2011/06/24 v1.1 Wrapper for package hooks (HO)
Package: xcolor-patch 2011/01/30 xcolor patch
Package: atveryend 2011/06/30 v1.8 Hooks at the very end of document (HO)
Package: atbegshi 2011/10/05 v1.16 At begin shipout hook (HO)
Package: refcount 2011/10/16 v3.4 Data extraction from label references (HO)
Package: hycolor 2011/01/30 v1.7 Color options for hyperref/bookmark (HO)
)
("C:\Program Files (x86)\MiKTeX 2.9\tex\generic\ifxetex\ifxetex.sty"
Package: ifxetex 2010/09/12 v0.6 Provides ifxetex conditional
)
("C:\Program Files (x86)\MiKTeX 2.9\tex\latex\oberdiek\auxhook.sty"
Package: auxhook 2011/03/04 v1.3 Hooks for auxiliary files (HO)
)
("C:\Program Files (x86)\MiKTeX 2.9\tex\latex\oberdiek\kvoptions.sty"
Package: kvoptions 2011/06/30 v3.11 Key value format for package options (HO)
)
\@linkdim=\dimen123
\Hy@linkcounter=\count108
\Hy@pagecounter=\count109

("C:\Program Files (x86)\MiKTeX 2.9\tex\latex\hyperref\pd1enc.def"
File: pd1enc.def 2012/11/06 v6.83m Hyperref: PDFDocEncoding definition (HO)
)
\Hy@SavedSpaceFactor=\count110

("C:\Program Files (x86)\MiKTeX 2.9\tex\latex\00miktex\hyperref.cfg"
File: hyperref.cfg 2002/06/06 v1.2 hyperref configuration of TeXLive
)
Package hyperref Info: Option `colorlinks' set `true' on input line 4319.
Package hyperref Info: Hyper figures OFF on input line 4443.
Package hyperref Info: Link nesting OFF on input line 4448.
Package hyperref Info: Hyper index ON on input line 4451.
Package hyperref Info: Plain pages OFF on input line 4458.
Package hyperref Info: Backreferencing OFF on input line 4463.
Package hyperref Info: Implicit mode ON; LaTeX internals redefined.
Package hyperref Info: Bookmarks ON on input line 4688.
\c@Hy@tempcnt=\count111
LaTeX Info: Redefining \url on input line 5041.
\XeTeXLinkMargin=\dimen124
\Fld@menulength=\count112
\Field@Width=\dimen125
\Fld@charsize=\dimen126
Package hyperref Info: Hyper figures OFF on input line 6295.
Package hyperref Info: Link nesting OFF on input line 6300.
Package hyperref Info: Hyper index ON on input line 6303.
Package hyperref Info: backreferencing OFF on input line 6310.
Package hyperref Info: Link coloring ON on input line 6313.
Package hyperref Info: Link coloring with OCG OFF on input line 6320.
Package hyperref Info: PDF/A mode OFF on input line 6325.
LaTeX Info: Redefining \ref on input line 6365.
LaTeX Info: Redefining \pageref on input line 6369.
\Hy@abspage=\count113
\c@Item=\count114
\c@Hfootnote=\count115
)

Package hyperref Message: Driver (autodetected): hpdftex.

("C:\Program Files (x86)\MiKTeX 2.9\tex\latex\hyperref\hpdftex.def"
File: hpdftex.def 2012/11/06 v6.83m Hyperref driver for pdfTeX
\Fld@listcount=\count116
\c@bookmark@seq@number=\count117

("C:\Program Files (x86)\MiKTeX 2.9\tex\latex\oberdiek\rerunfilecheck.sty"
Package: rerunfilecheck 2011/04/15 v1.7 Rerun checks for auxiliary files (HO)
Package uniquecounter Info: New unique counter `rerunfilecheck' on input line 2
82.
)
\Hy@SectionHShift=\skip48
)
("C:\Users\John\AppData\Local\Programs\MiKTeX 2.9\tex\latex\framed\framed.sty"
Package: framed 2011/10/22 v 0.96: framed or shaded text with page breaks
\OuterFrameSep=\skip49
\fb@frw=\dimen127
\fb@frh=\dimen128
\FrameRule=\dimen129
\FrameSep=\dimen130
) (UserGuide2.aux

LaTeX Warning: Label `shot3' multiply defined.

)
\openout1 = `UserGuide2.aux'.

LaTeX Font Info:    Checking defaults for OML/cmm/m/it on input line 39.
LaTeX Font Info:    ... okay on input line 39.
LaTeX Font Info:    Checking defaults for T1/cmr/m/n on input line 39.
LaTeX Font Info:    ... okay on input line 39.
LaTeX Font Info:    Checking defaults for OT1/cmr/m/n on input line 39.
LaTeX Font Info:    ... okay on input line 39.
LaTeX Font Info:    Checking defaults for OMS/cmsy/m/n on input line 39.
LaTeX Font Info:    ... okay on input line 39.
LaTeX Font Info:    Checking defaults for OMX/cmex/m/n on input line 39.
LaTeX Font Info:    ... okay on input line 39.
LaTeX Font Info:    Checking defaults for U/cmr/m/n on input line 39.
LaTeX Font Info:    ... okay on input line 39.
LaTeX Font Info:    Checking defaults for PD1/pdf/m/n on input line 39.
LaTeX Font Info:    ... okay on input line 39.
Class revtex4 Info: Patching LaTeX tabular. on input line 39.
Class revtex4 Info: cite was not loaded (OK!) on input line 39.
Class revtex4 Info: multicol was not loaded (OK!) on input line 39.

("C:\Users\John\AppData\Local\Programs\MiKTeX 2.9\tex\context\base\supp-pdf.mki
i"
[Loading MPS to PDF converter (version 2006.09.02).]
\scratchcounter=\count118
\scratchdimen=\dimen131
\scratchbox=\box39
\nofMPsegments=\count119
\nofMParguments=\count120
\everyMPshowfont=\toks26
\MPscratchCnt=\count121
\MPscratchDim=\dimen132
\MPnumerator=\count122
\makeMPintoPDFobject=\count123
\everyMPtoPDFconversion=\toks27
)
\AtBeginShipoutBox=\box40
Package hyperref Info: Link coloring ON on input line 39.
 ("C:\Program Files (x86)\MiKTeX 2.9\tex\latex\hyperref\nameref.sty"
Package: nameref 2012/10/27 v2.43 Cross-referencing by name of section

("C:\Program Files (x86)\MiKTeX 2.9\tex\generic\oberdiek\gettitlestring.sty"
Package: gettitlestring 2010/12/03 v1.4 Cleanup title references (HO)
)
\c@section@level=\count124
)
LaTeX Info: Redefining \ref on input line 39.
LaTeX Info: Redefining \pageref on input line 39.
LaTeX Info: Redefining \nameref on input line 39.

(UserGuide2.out) (UserGuide2.out)
\@outlinefile=\write3
\openout3 = `UserGuide2.out'.

LaTeX Font Info:    Try loading font information for U+msa on input line 68.

("C:\Program Files (x86)\MiKTeX 2.9\tex\latex\amsfonts\umsa.fd"
File: umsa.fd 2013/01/14 v3.01 AMS symbols A
)
LaTeX Font Info:    Try loading font information for U+msb on input line 68.

("C:\Program Files (x86)\MiKTeX 2.9\tex\latex\amsfonts\umsb.fd"
File: umsb.fd 2013/01/14 v3.01 AMS symbols B
)
<PyTransLogo.pdf, id=113, 776.72594pt x 449.56421pt>
File: PyTransLogo.pdf Graphic file (type pdf)
 <use PyTransLogo.pdf>
Package pdftex.def Info: PyTransLogo.pdf used on input line 80.
(pdftex.def)             Requested size: 312.9803pt x 181.14642pt.


Package hyperref Warning: Ignoring empty anchor on input line 114.

[1{C:/Users/John/AppData/Local/MiKTeX/2.9/pdftex/config/pdftex.map} <./PyTransL
ogo.pdf>]

Package natbib Warning: Citation `seeryNew' on page 2 undefined on input line 1
59.

[2]

Package hyperref Warning: Ignoring empty anchor on input line 220.


Package hyperref Warning: Ignoring empty anchor on input line 245.


Package hyperref Warning: Ignoring empty anchor on input line 260.

[3]

Package hyperref Warning: Ignoring empty anchor on input line 284.


Package hyperref Warning: Ignoring empty anchor on input line 329.

[4]

Package hyperref Warning: Ignoring empty anchor on input line 350.


Package hyperref Warning: Ignoring empty anchor on input line 377.


Package hyperref Warning: Ignoring empty anchor on input line 383.


Package hyperref Warning: Ignoring empty anchor on input line 388.

[5] <shot1c2.png, id=258, 1191.45125pt x 441.65pt>
File: shot1c2.png Graphic file (type png)
 <use shot1c2.png>
Package pdftex.def Info: shot1c2.png used on input line 428.
(pdftex.def)             Requested size: 512.15044pt x 199.17195pt.

Overfull \hbox (2.15044pt too wide) in paragraph at lines 428--429
 [][] 
 []

<shot2b.png, id=260, 991.705pt x 664.4825pt>
File: shot2b.png Graphic file (type png)
 <use shot2b.png>
Package pdftex.def Info: shot2b.png used on input line 448.
(pdftex.def)             Requested size: 512.14865pt x 318.67421pt.

Overfull \hbox (2.14865pt too wide) in paragraph at lines 448--449
 [][] 
 []

[6 <./shot1c2.png>] <Shot3c.png, id=267, 1045.9075pt x 372.39125pt>
File: Shot3c.png Graphic file (type png)

<use Shot3c.png>
Package pdftex.def Info: Shot3c.png used on input line 483.
(pdftex.def)             Requested size: 512.1496pt x 182.35397pt.

Overfull \hbox (2.1496pt too wide) in paragraph at lines 483--484
 [][] 
 []

[7 <./shot2b.png>] <Shot5b.png, id=277, 1067.99pt x 1008.76875pt>
File: Shot5b.png Graphic file (type png)

<use Shot5b.png>
Package pdftex.def Info: Shot5b.png used on input line 506.
(pdftex.def)             Requested size: 512.1496pt x 483.7725pt.

Overfull \hbox (2.1496pt too wide) in paragraph at lines 506--507
 [][] 
 []

[8 <./Shot3c.png>] [9 <./Shot5b.png>] <DQ1.png, id=290, 578.16pt x 433.62pt>
File: DQ1.png Graphic file (type png)

<use DQ1.png>
Package pdftex.def Info: DQ1.png used on input line 551.
(pdftex.def)             Requested size: 199.16928pt x 149.3741pt.
 <DQ2.png, id=291, 578.16pt x 433.62pt>
File: DQ2.png Graphic file (type png)
 <use DQ2.png>
Package pdftex.def Info: DQ2.png used on input line 557.
(pdftex.def)             Requested size: 199.16928pt x 149.3741pt.

<DQ3.png, id=292, 578.16pt x 433.62pt>
File: DQ3.png Graphic file (type png)
 <use DQ3.png>
Package pdftex.def Info: DQ3.png used on input line 557.
(pdftex.def)             Requested size: 199.16928pt x 149.3741pt.

<DQ4.png, id=293, 578.16pt x 433.62pt>
File: DQ4.png Graphic file (type png)
 <use DQ4.png>
Package pdftex.def Info: DQ4.png used on input line 558.
(pdftex.def)             Requested size: 199.16928pt x 149.3741pt.

<DQ5.png, id=294, 578.16pt x 433.62pt>
File: DQ5.png Graphic file (type png)
 <use DQ5.png>
Package pdftex.def Info: DQ5.png used on input line 558.
(pdftex.def)             Requested size: 199.16928pt x 149.3741pt.

<shot6b.png, id=296, 1101.11375pt x 649.42625pt>
File: shot6b.png Graphic file (type png)
 <use shot6b.png>
Package pdftex.def Info: shot6b.png used on input line 575.
(pdftex.def)             Requested size: 512.1496pt x 302.06927pt.

Overfull \hbox (2.1496pt too wide) in paragraph at lines 575--576
 [][] 
 []

[10 <./DQ1.png> <./DQ2.png> <./DQ3.png> <./DQ4.png> <./DQ5.png>]
<shot7b.png, id=307, 1139.25626pt x 952.55875pt>
File: shot7b.png Graphic file (type png)
 <use shot7b.png>
Package pdftex.def Info: shot7b.png used on input line 595.
(pdftex.def)             Requested size: 512.1496pt x 428.21143pt.

Overfull \hbox (2.1496pt too wide) in paragraph at lines 595--596
 [][] 
 []

[11 <./shot6b.png>] <shot8b.png, id=314, 983.675pt x 924.45375pt>
File: shot8b.png Graphic file (type png)

<use shot8b.png>
Package pdftex.def Info: shot8b.png used on input line 600.
(pdftex.def)             Requested size: 512.1496pt x 481.33939pt.

Overfull \hbox (2.1496pt too wide) in paragraph at lines 600--601
 [][] 
 []

[12 <./shot7b.png>] <Pz.png, id=320, 578.16pt x 433.62pt>
File: Pz.png Graphic file (type png)
 <use Pz.png>
Package pdftex.def Info: Pz.png used on input line 605.
(pdftex.def)             Requested size: 227.62204pt x 170.71231pt.

<ns.png, id=321, 578.16pt x 433.62pt>
File: ns.png Graphic file (type png)
 <use ns.png>
Package pdftex.def Info: ns.png used on input line 605.
(pdftex.def)             Requested size: 227.62204pt x 170.71231pt.

<BiEq.png, id=322, 578.16pt x 433.62pt>
File: BiEq.png Graphic file (type png)
 <use BiEq.png>
Package pdftex.def Info: BiEq.png used on input line 611.
(pdftex.def)             Requested size: 227.62204pt x 170.71231pt.

<alpBetEq3.png, id=323, 722.7pt x 433.62pt>
File: alpBetEq3.png Graphic file (type png)
 <use alpBetEq3.png>
Package pdftex.def Info: alpBetEq3.png used on input line 617.
(pdftex.def)             Requested size: 256.0748pt x 153.64174pt.

<alpBetMay.png, id=324, 602.25pt x 559.08875pt>
File: alpBetMay.png Graphic file (type png)
 <use alpBetMay.png>
Package pdftex.def Info: alpBetMay.png used on input line 618.
(pdftex.def)             Requested size: 213.39566pt x 198.10678pt.
 [13 <./shot8b.png>] [14 <./Pz.png> <./ns.png> <./BiEq.png> <./alpBetEq3.png> <
./alpBetMay.png (PNG copy)>] <NCsetup.png, id=346, 1225.57875pt x 444.66125pt>
File: NCsetup.png Graphic file (type png)

<use NCsetup.png>
Package pdftex.def Info: NCsetup.png used on input line 671.
(pdftex.def)             Requested size: 512.1496pt x 185.81334pt.

Overfull \hbox (2.1496pt too wide) in paragraph at lines 671--672
 [][] 
 []

[15 <./NCsetup.png>]

Package hyperref Warning: Ignoring empty anchor on input line 741.

[16] [17]

Package hyperref Warning: Ignoring empty anchor on input line 863.

[18]
LaTeX Font Info:    Try loading font information for OMS+cmr on input line 933.

 ("C:\Program Files (x86)\MiKTeX 2.9\tex\latex\base\omscmr.fd"
File: omscmr.fd 2014/09/29 v2.5h Standard LaTeX font definitions
)
LaTeX Font Info:    Font shape `OMS/cmr/m/n' in size <10> not available
(Font)              Font shape `OMS/cmsy/m/n' tried instead on input line 933.


Package hyperref Warning: Ignoring empty anchor on input line 941.

[19]

Package hyperref Warning: Ignoring empty anchor on input line 961.

[20] [21] [22] (UserGuide2.bbl)

Package natbib Warning: There were undefined citations.

Package atveryend Info: Empty hook `BeforeClearDocument' on input line 1105.
[23]
Package atveryend Info: Empty hook `AfterLastShipout' on input line 1105.
 (UserGuide2.aux)
Package atveryend Info: Executing hook `AtVeryEndDocument' on input line 1105.
Package atveryend Info: Executing hook `AtEndAfterFileList' on input line 1105.

Package rerunfilecheck Info: File `UserGuide2.out' has not changed.
(rerunfilecheck)             Checksum: FAB2606498BE495879FF43E7A2F48447;1839.


LaTeX Warning: There were multiply-defined labels.

 ) 
Here is how much of TeX's memory you used:
 8327 strings out of 493634
 115375 string characters out of 3141316
 227562 words of memory out of 3000000
 11494 multiletter control sequences out of 15000+200000
 13488 words of font info for 51 fonts, out of 3000000 for 9000
 1025 hyphenation exceptions out of 8191
 40i,11n,35p,872b,398s stack positions out of 5000i,500n,10000p,200000b,50000s
<C:/Program Files (x86)/MiKTeX 2.9/fonts/type1/public/amsfonts/cm/cmbx10.pfb>
<C:/Program Files (x86)/MiKTeX 2.9/fonts/type1/public/amsfonts/cm/cmbx12.pfb><C
:/Program Files (x86)/MiKTeX 2.9/fonts/type1/public/amsfonts/cm/cmbx5.pfb><C:/P
rogram Files (x86)/MiKTeX 2.9/fonts/type1/public/amsfonts/cm/cmbx7.pfb><C:/Prog
ram Files (x86)/MiKTeX 2.9/fonts/type1/public/amsfonts/cm/cmbx8.pfb><C:/Program
 Files (x86)/MiKTeX 2.9/fonts/type1/public/amsfonts/cm/cmbx9.pfb><C:/Program Fi
les (x86)/MiKTeX 2.9/fonts/type1/public/amsfonts/cm/cmex10.pfb><C:/Program File
s (x86)/MiKTeX 2.9/fonts/type1/public/amsfonts/cm/cmmi10.pfb><C:/Program Files 
(x86)/MiKTeX 2.9/fonts/type1/public/amsfonts/cm/cmmi6.pfb><C:/Program Files (x8
6)/MiKTeX 2.9/fonts/type1/public/amsfonts/cm/cmmi7.pfb><C:/Program Files (x86)/
MiKTeX 2.9/fonts/type1/public/amsfonts/cm/cmmi8.pfb><C:/Program Files (x86)/MiK
TeX 2.9/fonts/type1/public/amsfonts/cm/cmmi9.pfb><C:/Program Files (x86)/MiKTeX
 2.9/fonts/type1/public/amsfonts/cm/cmr10.pfb><C:/Program Files (x86)/MiKTeX 2.
9/fonts/type1/public/amsfonts/cm/cmr6.pfb><C:/Program Files (x86)/MiKTeX 2.9/fo
nts/type1/public/amsfonts/cm/cmr7.pfb><C:/Program Files (x86)/MiKTeX 2.9/fonts/
type1/public/amsfonts/cm/cmr8.pfb><C:/Program Files (x86)/MiKTeX 2.9/fonts/type
1/public/amsfonts/cm/cmr9.pfb><C:/Program Files (x86)/MiKTeX 2.9/fonts/type1/pu
blic/amsfonts/cm/cmsy10.pfb><C:/Program Files (x86)/MiKTeX 2.9/fonts/type1/publ
ic/amsfonts/cm/cmsy6.pfb><C:/Program Files (x86)/MiKTeX 2.9/fonts/type1/public/
amsfonts/cm/cmsy7.pfb><C:/Program Files (x86)/MiKTeX 2.9/fonts/type1/public/ams
fonts/cm/cmti10.pfb><C:/Program Files (x86)/MiKTeX 2.9/fonts/type1/public/amsfo
nts/cm/cmti8.pfb><C:/Program Files (x86)/MiKTeX 2.9/fonts/type1/public/amsfonts
/cm/cmti9.pfb>
Output written on UserGuide2.pdf (23 pages, 3843559 bytes).
PDF statistics:
 528 PDF objects out of 1000 (max. 8388607)
 107 named destinations out of 1000 (max. 500000)
 312 words of extra memory for PDF output out of 10000 (max. 10000000)

